  c++课设.cpp
C:\Users\张琪\Desktop\2048游戏-张琪-赵飞宇-肖博仁\c++课设\game.h(9,1): warning C4005: “INTERVAL”: 宏重定义
C:\Users\张琪\Desktop\2048游戏-张琪-赵飞宇-肖博仁\c++课设\c++课设.cpp(13,1): message : 参见“INTERVAL”的前一个定义
C:\Users\张琪\Desktop\2048游戏-张琪-赵飞宇-肖博仁\c++课设\c++课设.cpp(299,10): warning C4244: “初始化”: 从“time_t”转换到“int”，可能丢失数据
C:\Users\张琪\Desktop\2048游戏-张琪-赵飞宇-肖博仁\c++课设\c++课设.cpp(300,11): warning C4244: “初始化”: 从“time_t”转换到“int”，可能丢失数据
C:\Users\张琪\Desktop\2048游戏-张琪-赵飞宇-肖博仁\c++课设\c++课设.cpp(426,10): warning C4244: “初始化”: 从“time_t”转换到“int”，可能丢失数据
C:\Users\张琪\Desktop\2048游戏-张琪-赵飞宇-肖博仁\c++课设\c++课设.cpp(427,11): warning C4244: “初始化”: 从“time_t”转换到“int”，可能丢失数据
  game.cpp
C:\Users\张琪\Desktop\2048游戏-张琪-赵飞宇-肖博仁\c++课设\game.cpp(126,12): warning C4244: “参数”: 从“time_t”转换到“unsigned int”，可能丢失数据
C:\Users\张琪\Desktop\2048游戏-张琪-赵飞宇-肖博仁\c++课设\game.cpp(621,21): warning C4267: “=”: 从“size_t”转换到“int”，可能丢失数据
C:\Users\张琪\Desktop\2048游戏-张琪-赵飞宇-肖博仁\c++课设\game.cpp(623,25): warning C4244: “+=”: 从“double”转换到“int”，可能丢失数据
  User.cpp
C:\Users\张琪\Desktop\2048游戏-张琪-赵飞宇-肖博仁\c++课设\User.cpp(137,8): warning C4101: “ch”: 未引用的局部变量
C:\Users\张琪\Desktop\2048游戏-张琪-赵飞宇-肖博仁\c++课设\User.cpp(137,12): warning C4101: “passwords0”: 未引用的局部变量
  正在生成代码...
C:\Users\张琪\Desktop\2048游戏-张琪-赵飞宇-肖博仁\c++课设\User.cpp(176): warning C4715: “User::Login”: 不是所有的控件路径都返回值
LINK : warning LNK4075: 忽略“/INCREMENTAL”(由于“/FORCE”规范)
User.obj : warning LNK4006: "class User * user" (?user@@3PAVUser@@A) 已在 c++课设.obj 中定义；已忽略第二个定义
C:\Users\张琪\Desktop\2048游戏-张琪-赵飞宇-肖博仁\c++课设\x64\Debug\c++课设.exe : warning LNK4088: 因 /FORCE 选项生成了映像；映像可能不能运行
  c++课设.vcxproj -> C:\Users\张琪\Desktop\2048游戏-张琪-赵飞宇-肖博仁\c++课设\x64\Debug\c++课设.exe
